<?xml version="1.0" encoding="UTF-8"?>
<!-- Generated by org.testng.reporters.JUnitXMLReporter -->
<testsuite ignored="0" hostname="Mukatdeer" failures="0" tests="2" name="InsuranceApp Test" time="65.385" errors="0" timestamp="03 May 2022 06:37:47 GMT">
  <testcase classname="com.simplesurance.testCases.TC_CreatePolicy_001" name="loginTest" time="1.816"/>
  <testcase classname="com.simplesurance.testCases.TC_CreatePolicy_001" name="createPolicy" time="50.877"/>
</testsuite> <!-- InsuranceApp Test -->
