<?xml version="1.0" encoding="UTF-8"?>
<testng-results ignored="0" total="2" passed="2" failed="0" skipped="0">
  <reporter-output>
  </reporter-output>
  <suite started-at="2022-05-03T06:36:41Z" name="SimplesuranceV1" finished-at="2022-05-03T06:37:47Z" duration-ms="65385">
    <groups>
    </groups>
    <test started-at="2022-05-03T06:36:41Z" name="InsuranceApp Test" finished-at="2022-05-03T06:37:47Z" duration-ms="65385">
      <class name="com.simplesurance.testCases.TC_CreatePolicy_001">
        <test-method is-config="true" signature="setup(java.lang.String)[pri:0, instance:com.simplesurance.testCases.TC_CreatePolicy_001@75f32542]" started-at="2022-05-03T06:36:42Z" name="setup" finished-at="2022-05-03T06:36:53Z" duration-ms="10828" status="PASS">
          <params>
            <param index="0">
              <value>
                <![CDATA[chrome]]>
              </value>
            </param>
          </params>
          <reporter-output>
          </reporter-output>
        </test-method> <!-- setup -->
        <test-method signature="loginTest()[pri:0, instance:com.simplesurance.testCases.TC_CreatePolicy_001@75f32542]" started-at="2022-05-03T06:36:53Z" name="loginTest" finished-at="2022-05-03T06:36:55Z" duration-ms="1816" status="PASS">
          <reporter-output>
          </reporter-output>
        </test-method> <!-- loginTest -->
        <test-method signature="createPolicy()[pri:1, instance:com.simplesurance.testCases.TC_CreatePolicy_001@75f32542]" started-at="2022-05-03T06:36:55Z" name="createPolicy" finished-at="2022-05-03T06:37:46Z" duration-ms="50877" status="PASS">
          <reporter-output>
          </reporter-output>
        </test-method> <!-- createPolicy -->
        <test-method is-config="true" signature="tearDown()[pri:0, instance:com.simplesurance.testCases.TC_CreatePolicy_001@75f32542]" started-at="2022-05-03T06:37:46Z" name="tearDown" finished-at="2022-05-03T06:37:47Z" duration-ms="1286" status="PASS">
          <reporter-output>
          </reporter-output>
        </test-method> <!-- tearDown -->
      </class> <!-- com.simplesurance.testCases.TC_CreatePolicy_001 -->
    </test> <!-- InsuranceApp Test -->
  </suite> <!-- SimplesuranceV1 -->
</testng-results>
